<?xml version="1.0" encoding="UTF-8"?>
<!-- Generated by org.testng.reporters.JUnitReportReporter -->
<testsuite name="SELENIUM.DEMO.MAVEN.POM.RegresionTest3_Respaldo" tests="1" time="24.982" ignored="1" failures="0" timestamp="16 abr 2018 16:43:24 GMT" skipped="0" hostname="toshiba" errors="0">
  <testcase name="prueba1" time="24.982" classname="SELENIUM.DEMO.MAVEN.POM.RegresionTest3_Respaldo"/>
  <testcase name="iniciaexppage" classname="SELENIUM.DEMO.MAVEN.POM.RegresionTest3_Respaldo">
    <skipped/>
  </testcase> <!-- iniciaexppage -->
</testsuite> <!-- SELENIUM.DEMO.MAVEN.POM.RegresionTest3_Respaldo -->
