<?xml version="1.0" encoding="UTF-8"?>
<!-- Generated by org.testng.reporters.JUnitReportReporter -->
<testsuite name="SELENIUM.DEMO.MAVEN.POM.RegresionTest2_Respaldo" tests="1" time="137.014" ignored="0" failures="0" timestamp="11 abr 2018 00:42:08 GMT" skipped="0" hostname="toshiba" errors="0">
  <testcase name="prueba1" time="137.014" classname="SELENIUM.DEMO.MAVEN.POM.RegresionTest2_Respaldo"/>
</testsuite> <!-- SELENIUM.DEMO.MAVEN.POM.RegresionTest2_Respaldo -->
