<?xml version="1.0" encoding="UTF-8"?>
<!-- Generated by org.testng.reporters.JUnitReportReporter -->
<testsuite name="SELENIUM.DEMO.MAVEN.POM.runExplorer" tests="1" time="27.247" ignored="0" failures="0" timestamp="15 may 2018 22:39:10 GMT" skipped="0" hostname="toshiba" errors="0">
  <testcase name="openExp" time="27.247" classname="SELENIUM.DEMO.MAVEN.POM.runExplorer"/>
</testsuite> <!-- SELENIUM.DEMO.MAVEN.POM.runExplorer -->
