<?xml version="1.0" encoding="UTF-8"?>
<!-- Generated by org.testng.reporters.JUnitReportReporter -->
<testsuite name="SELENIUM.DEMO.MAVEN.POM.ObtenerRegistrosExcel" tests="6" time="25.750" ignored="0" failures="0" timestamp="14 may 2018 21:51:02 GMT" skipped="3" hostname="toshiba" errors="0">
  <testcase name="TestLoginWithDataProvider" time="7.256" classname="SELENIUM.DEMO.MAVEN.POM.ObtenerRegistrosExcel"/>
  <testcase name="TestLoginWithDataProvider" time="0.002" classname="SELENIUM.DEMO.MAVEN.POM.ObtenerRegistrosExcel">
    <skipped/>
  </testcase> <!-- TestLoginWithDataProvider -->
  <testcase name="TestLoginWithDataProvider" time="0.013" classname="SELENIUM.DEMO.MAVEN.POM.ObtenerRegistrosExcel">
    <skipped/>
  </testcase> <!-- TestLoginWithDataProvider -->
  <testcase name="TestLoginWithDataProvider" time="11.187" classname="SELENIUM.DEMO.MAVEN.POM.ObtenerRegistrosExcel"/>
  <testcase name="TestLoginWithDataProvider" time="0.013" classname="SELENIUM.DEMO.MAVEN.POM.ObtenerRegistrosExcel">
    <skipped/>
  </testcase> <!-- TestLoginWithDataProvider -->
  <testcase name="TestLoginWithDataProvider" time="7.279" classname="SELENIUM.DEMO.MAVEN.POM.ObtenerRegistrosExcel"/>
</testsuite> <!-- SELENIUM.DEMO.MAVEN.POM.ObtenerRegistrosExcel -->
