<?xml version="1.0" encoding="UTF-8"?>
<!-- Generated by org.testng.reporters.JUnitReportReporter -->
<testsuite name="SELENIUM.DEMO.AUTOMATIZACION.REGISTRO.TC_01_Validar_Login" tests="1" time="4.922" ignored="0" failures="0" timestamp="25 may 2018 14:11:33 GMT" skipped="0" hostname="toshiba" errors="0">
  <testcase name="verificarRegistroDatosCorrectos" time="4.922" classname="SELENIUM.DEMO.AUTOMATIZACION.REGISTRO.TC_01_Validar_Login"/>
</testsuite> <!-- SELENIUM.DEMO.AUTOMATIZACION.REGISTRO.TC_01_Validar_Login -->
