<?xml version="1.0" encoding="UTF-8"?>
<!-- Generated by org.testng.reporters.JUnitReportReporter -->
<testsuite name="SELENIUM.DEMO.AUTOMATIZACION.REGISTRO.TC_01_Validar_Registros" tests="3" time="10.052" ignored="0" failures="0" timestamp="28 jun 2018 20:25:31 GMT" skipped="0" hostname="toshiba" errors="0">
  <testcase name="verificarRegistroDatosCorrectos" time="6.915" classname="SELENIUM.DEMO.AUTOMATIZACION.REGISTRO.TC_01_Validar_Registros"/>
  <testcase name="logueo" time="0.010" classname="SELENIUM.DEMO.AUTOMATIZACION.REGISTRO.TC_01_Validar_Registros"/>
  <testcase name="vefificarRegistroConfirmaPassword" time="3.127" classname="SELENIUM.DEMO.AUTOMATIZACION.REGISTRO.TC_01_Validar_Registros"/>
</testsuite> <!-- SELENIUM.DEMO.AUTOMATIZACION.REGISTRO.TC_01_Validar_Registros -->
