<?xml version="1.0" encoding="UTF-8"?>
<!-- Generated by org.testng.reporters.JUnitReportReporter -->
<testsuite name="SELENIUM.DEMO.AUTOMATIZACION.REGISTRO.TC_03_TiendaVerifLoginInvalidDatos" tests="1" time="18.207" ignored="3" failures="0" timestamp="15 ago 2018 17:58:54 GMT" skipped="0" hostname="toshiba" errors="0">
  <testcase name="test3" time="18.207" classname="SELENIUM.DEMO.AUTOMATIZACION.REGISTRO.TC_03_TiendaVerifLoginInvalidDatos"/>
  <testcase name="test4" classname="SELENIUM.DEMO.AUTOMATIZACION.REGISTRO.TC_03_TiendaVerifLoginInvalidDatos">
    <skipped/>
  </testcase> <!-- test4 -->
  <testcase name="test1" classname="SELENIUM.DEMO.AUTOMATIZACION.REGISTRO.TC_03_TiendaVerifLoginInvalidDatos">
    <skipped/>
  </testcase> <!-- test1 -->
  <testcase name="test2" classname="SELENIUM.DEMO.AUTOMATIZACION.REGISTRO.TC_03_TiendaVerifLoginInvalidDatos">
    <skipped/>
  </testcase> <!-- test2 -->
</testsuite> <!-- SELENIUM.DEMO.AUTOMATIZACION.REGISTRO.TC_03_TiendaVerifLoginInvalidDatos -->
