<?xml version="1.0" encoding="UTF-8"?>
<!-- Generated by org.testng.reporters.JUnitReportReporter -->
<testsuite name="SELENIUM.DEMO.AUTOMATIZACION.REGISTRO.abrirExplorador" tests="1" time="27.086" ignored="0" failures="0" timestamp="15 may 2018 23:00:07 GMT" skipped="0" hostname="toshiba" errors="0">
  <testcase name="setUP" time="27.086" classname="SELENIUM.DEMO.AUTOMATIZACION.REGISTRO.abrirExplorador"/>
</testsuite> <!-- SELENIUM.DEMO.AUTOMATIZACION.REGISTRO.abrirExplorador -->
