<?xml version="1.0" encoding="UTF-8"?>
<!-- Generated by org.testng.reporters.JUnitReportReporter -->
<testsuite name="SELENIUM.DEMO.AUTOMATIZACION.REGISTRO.TC_02_Logeo" tests="1" time="6.887" ignored="0" failures="0" timestamp="01 jun 2018 23:02:19 GMT" skipped="0" hostname="toshiba" errors="0">
  <testcase name="validaElLogeo" time="6.887" classname="SELENIUM.DEMO.AUTOMATIZACION.REGISTRO.TC_02_Logeo"/>
</testsuite> <!-- SELENIUM.DEMO.AUTOMATIZACION.REGISTRO.TC_02_Logeo -->
