<?xml version="1.0" encoding="UTF-8"?>
<!-- Generated by org.testng.reporters.JUnitReportReporter -->
<testsuite name="SELENIUM.DEMO.AUTOMATIZACION.REGISTRO.runExplorer" tests="1" time="20.099" ignored="0" failures="0" timestamp="15 may 2018 22:50:12 GMT" skipped="0" hostname="toshiba" errors="0">
  <testcase name="openExp" time="20.099" classname="SELENIUM.DEMO.AUTOMATIZACION.REGISTRO.runExplorer"/>
</testsuite> <!-- SELENIUM.DEMO.AUTOMATIZACION.REGISTRO.runExplorer -->
