<?xml version="1.0" encoding="UTF-8"?>
<!-- Generated by org.testng.reporters.JUnitReportReporter -->
<testsuite skipped="1" hostname="toshiba" name="SELENIUM.DEMO.lecturaExcel.ExcelToDataProviderOk" tests="1" failures="0" timestamp="17 abr 2018 19:17:44 GMT" time="0.000" errors="0">
  <testcase name="fillUserForm" time="0.000" classname="SELENIUM.DEMO.lecturaExcel.ExcelToDataProviderOk">
    <skipped/>
  </testcase> <!-- fillUserForm -->
</testsuite> <!-- SELENIUM.DEMO.lecturaExcel.ExcelToDataProviderOk -->
