<?xml version="1.0" encoding="UTF-8"?>
<!-- Generated by org.testng.reporters.JUnitReportReporter -->
<testsuite skipped="5" hostname="toshiba" name="SELENIUM.DEMO.lecturaExcel.ExcelToDataProvider" tests="7" failures="0" timestamp="28 may 2018 21:51:09 GMT" time="7.037" errors="0">
  <testcase name="fillUserForm" time="0.002" classname="SELENIUM.DEMO.lecturaExcel.ExcelToDataProvider">
    <skipped/>
  </testcase> <!-- fillUserForm -->
  <testcase name="fillUserForm" time="0.001" classname="SELENIUM.DEMO.lecturaExcel.ExcelToDataProvider">
    <skipped/>
  </testcase> <!-- fillUserForm -->
  <testcase name="fillUserForm" time="0.005" classname="SELENIUM.DEMO.lecturaExcel.ExcelToDataProvider">
    <skipped/>
  </testcase> <!-- fillUserForm -->
  <testcase name="fillUserForm" time="5.367" classname="SELENIUM.DEMO.lecturaExcel.ExcelToDataProvider"/>
  <testcase name="fillUserForm" time="0.001" classname="SELENIUM.DEMO.lecturaExcel.ExcelToDataProvider">
    <skipped/>
  </testcase> <!-- fillUserForm -->
  <testcase name="fillUserForm" time="0.001" classname="SELENIUM.DEMO.lecturaExcel.ExcelToDataProvider">
    <skipped/>
  </testcase> <!-- fillUserForm -->
  <testcase name="fillUserForm" time="1.660" classname="SELENIUM.DEMO.lecturaExcel.ExcelToDataProvider"/>
</testsuite> <!-- SELENIUM.DEMO.lecturaExcel.ExcelToDataProvider -->
